# JRE version: OpenJDK Runtime Environment (8.0_152-b06) (build 1.8.0_152-release-1136-b06)
# Java VM: OpenJDK 64-Bit Server VM (25.152-b06 mixed mode windows-amd64 compressed oops)
Heap:
 PSYoungGen      total 249856K, used 125175K [0x00000000e0000000, 0x00000000f2900000, 0x0000000100000000)
  eden space 216064K, 51% used [0x00000000e0000000,0x00000000e6bbf470,0x00000000ed300000)
  from space 33792K, 43% used [0x00000000ef400000,0x00000000f027e818,0x00000000f1500000)
  to   space 33792K, 0% used [0x00000000ed300000,0x00000000ed300000,0x00000000ef400000)
 ParOldGen       total 158208K, used 86118K [0x00000000a0000000, 0x00000000a9a80000, 0x00000000e0000000)
  object space 158208K, 54% used [0x00000000a0000000,0x00000000a5419b00,0x00000000a9a80000)
 Metaspace       used 92623K, capacity 96142K, committed 96344K, reserved 1132544K
  class space    used 11543K, capacity 12332K, committed 12416K, reserved 1048576K
GC Heap History (10 events):
Event: 926.896 GC heap before
{Heap before GC invocations=34 (full 3):
 PSYoungGen      total 219136K, used 219115K [0x00000000e0000000, 0x00000000f0000000, 0x0000000100000000)
  eden space 192512K, 100% used [0x00000000e0000000,0x00000000ebc00000,0x00000000ebc00000)
  from space 26624K, 99% used [0x00000000ee580000,0x00000000eff7af50,0x00000000eff80000)
  to   space 34816K, 0% used [0x00000000ebc00000,0x00000000ebc00000,0x00000000ede00000)
 ParOldGen       total 94208K, used 84242K [0x00000000a0000000, 0x00000000a5c00000, 0x00000000e0000000)
  object space 94208K, 89% used [0x00000000a0000000,0x00000000a5244808,0x00000000a5c00000)
 Metaspace       used 92281K, capacity 95824K, committed 96088K, reserved 1132544K
  class space    used 11526K, capacity 12315K, committed 12416K, reserved 1048576K
Event: 926.993 GC heap after
Heap after GC invocations=34 (full 3):
 PSYoungGen      total 227328K, used 18156K [0x00000000e0000000, 0x00000000f1500000, 0x0000000100000000)
  eden space 192512K, 0% used [0x00000000e0000000,0x00000000e0000000,0x00000000ebc00000)
  from space 34816K, 52% used [0x00000000ebc00000,0x00000000ecdbb0a0,0x00000000ede00000)
  to   space 33792K, 0% used [0x00000000ef400000,0x00000000ef400000,0x00000000f1500000)
 ParOldGen       total 94208K, used 92824K [0x00000000a0000000, 0x00000000a5c00000, 0x00000000e0000000)
  object space 94208K, 98% used [0x00000000a0000000,0x00000000a5aa6078,0x00000000a5c00000)
 Metaspace       used 92281K, capacity 95824K, committed 96088K, reserved 1132544K
  class space    used 11526K, capacity 12315K, committed 12416K, reserved 1048576K
}
Event: 927.039 GC heap before
{Heap before GC invocations=35 (full 4):
 PSYoungGen      total 227328K, used 18156K [0x00000000e0000000, 0x00000000f1500000, 0x0000000100000000)
  eden space 192512K, 0% used [0x00000000e0000000,0x00000000e0000000,0x00000000ebc00000)
  from space 34816K, 52% used [0x00000000ebc00000,0x00000000ecdbb0a0,0x00000000ede00000)
  to   space 33792K, 0% used [0x00000000ef400000,0x00000000ef400000,0x00000000f1500000)
 ParOldGen       total 94208K, used 92824K [0x00000000a0000000, 0x00000000a5c00000, 0x00000000e0000000)
  object space 94208K, 98% used [0x00000000a0000000,0x00000000a5aa6078,0x00000000a5c00000)
 Metaspace       used 92281K, capacity 95824K, committed 96088K, reserved 1132544K
  class space    used 11526K, capacity 12315K, committed 12416K, reserved 1048576K
Event: 928.900 GC heap after
Heap after GC invocations=35 (full 4):
 PSYoungGen      total 227328K, used 0K [0x00000000e0000000, 0x00000000f1500000, 0x0000000100000000)
  eden space 192512K, 0% used [0x00000000e0000000,0x00000000e0000000,0x00000000ebc00000)
  from space 34816K, 0% used [0x00000000ebc00000,0x00000000ebc00000,0x00000000ede00000)
  to   space 33792K, 0% used [0x00000000ef400000,0x00000000ef400000,0x00000000f1500000)
 ParOldGen       total 158208K, used 82700K [0x00000000a0000000, 0x00000000a9a80000, 0x00000000e0000000)
  object space 158208K, 52% used [0x00000000a0000000,0x00000000a50c3048,0x00000000a9a80000)
 Metaspace       used 92254K, capacity 95754K, committed 96088K, reserved 1132544K
  class space    used 11516K, capacity 12298K, committed 12416K, reserved 1048576K
}
Event: 932.469 GC heap before
{Heap before GC invocations=36 (full 4):
 PSYoungGen      total 227328K, used 192512K [0x00000000e0000000, 0x00000000f1500000, 0x0000000100000000)
  eden space 192512K, 100% used [0x00000000e0000000,0x00000000ebc00000,0x00000000ebc00000)
  from space 34816K, 0% used [0x00000000ebc00000,0x00000000ebc00000,0x00000000ede00000)
  to   space 33792K, 0% used [0x00000000ef400000,0x00000000ef400000,0x00000000f1500000)
 ParOldGen       total 158208K, used 82700K [0x00000000a0000000, 0x00000000a9a80000, 0x00000000e0000000)
  object space 158208K, 52% used [0x00000000a0000000,0x00000000a50c3048,0x00000000a9a80000)
 Metaspace       used 92328K, capacity 95844K, committed 96088K, reserved 1132544K
  class space    used 11517K, capacity 12299K, committed 12416K, reserved 1048576K
Event: 933.025 GC heap after
Heap after GC invocations=36 (full 4):
 PSYoungGen      total 249856K, used 5537K [0x00000000e0000000, 0x00000000f2900000, 0x0000000100000000)
  eden space 216064K, 0% used [0x00000000e0000000,0x00000000e0000000,0x00000000ed300000)
  from space 33792K, 16% used [0x00000000ef400000,0x00000000ef9686e0,0x00000000f1500000)
  to   space 33792K, 0% used [0x00000000ed300000,0x00000000ed300000,0x00000000ef400000)
 ParOldGen       total 158208K, used 82708K [0x00000000a0000000, 0x00000000a9a80000, 0x00000000e0000000)
  object space 158208K, 52% used [0x00000000a0000000,0x00000000a50c5048,0x00000000a9a80000)
 Metaspace       used 92328K, capacity 95844K, committed 96088K, reserved 1132544K
  class space    used 11517K, capacity 12299K, committed 12416K, reserved 1048576K
}
Event: 937.623 GC heap before
{Heap before GC invocations=37 (full 4):
 PSYoungGen      total 249856K, used 221601K [0x00000000e0000000, 0x00000000f2900000, 0x0000000100000000)
  eden space 216064K, 100% used [0x00000000e0000000,0x00000000ed300000,0x00000000ed300000)
  from space 33792K, 16% used [0x00000000ef400000,0x00000000ef9686e0,0x00000000f1500000)
  to   space 33792K, 0% used [0x00000000ed300000,0x00000000ed300000,0x00000000ef400000)
 ParOldGen       total 158208K, used 82708K [0x00000000a0000000, 0x00000000a9a80000, 0x00000000e0000000)
  object space 158208K, 52% used [0x00000000a0000000,0x00000000a50c5048,0x00000000a9a80000)
 Metaspace       used 92514K, capacity 96010K, committed 96344K, reserved 1132544K
  class space    used 11535K, capacity 12332K, committed 12416K, reserved 1048576K
Event: 937.705 GC heap after
Heap after GC invocations=37 (full 4):
 PSYoungGen      total 249856K, used 13804K [0x00000000e0000000, 0x00000000f2900000, 0x0000000100000000)
  eden space 216064K, 0% used [0x00000000e0000000,0x00000000e0000000,0x00000000ed300000)
  from space 33792K, 40% used [0x00000000ed300000,0x00000000ee07b098,0x00000000ef400000)
  to   space 33792K, 0% used [0x00000000ef400000,0x00000000ef400000,0x00000000f1500000)
 ParOldGen       total 158208K, used 82708K [0x00000000a0000000, 0x00000000a9a80000, 0x00000000e0000000)
  object space 158208K, 52% used [0x00000000a0000000,0x00000000a50c5048,0x00000000a9a80000)
 Metaspace       used 92514K, capacity 96010K, committed 96344K, reserved 1132544K
  class space    used 11535K, capacity 12332K, committed 12416K, reserved 1048576K
}
Event: 942.099 GC heap before
{Heap before GC invocations=38 (full 4):
 PSYoungGen      total 249856K, used 229868K [0x00000000e0000000, 0x00000000f2900000, 0x0000000100000000)
  eden space 216064K, 100% used [0x00000000e0000000,0x00000000ed300000,0x00000000ed300000)
  from space 33792K, 40% used [0x00000000ed300000,0x00000000ee07b098,0x00000000ef400000)
  to   space 33792K, 0% used [0x00000000ef400000,0x00000000ef400000,0x00000000f1500000)
 ParOldGen       total 158208K, used 82708K [0x00000000a0000000, 0x00000000a9a80000, 0x00000000e0000000)
  object space 158208K, 52% used [0x00000000a0000000,0x00000000a50c5048,0x00000000a9a80000)
 Metaspace       used 92603K, capacity 96078K, committed 96344K, reserved 1132544K
  class space    used 11543K, capacity 12332K, committed 12416K, reserved 1048576K
Event: 942.214 GC heap after
Heap after GC invocations=38 (full 4):
 PSYoungGen      total 249856K, used 14842K [0x00000000e0000000, 0x00000000f2900000, 0x0000000100000000)
  eden space 216064K, 0% used [0x00000000e0000000,0x00000000e0000000,0x00000000ed300000)
  from space 33792K, 43% used [0x00000000ef400000,0x00000000f027e818,0x00000000f1500000)
  to   space 33792K, 0% used [0x00000000ed300000,0x00000000ed300000,0x00000000ef400000)
 ParOldGen       total 158208K, used 86118K [0x00000000a0000000, 0x00000000a9a80000, 0x00000000e0000000)
  object space 158208K, 54% used [0x00000000a0000000,0x00000000a5419b00,0x00000000a9a80000)
 Metaspace       used 92603K, capacity 96078K, committed 96344K, reserved 1132544K
  class space    used 11543K, capacity 12332K, committed 12416K, reserved 1048576K
}

